<?xml version="1.0" encoding="utf-8"?><testsuites name="pytest tests"><testsuite name="pytest" errors="0" failures="0" skipped="0" tests="37" time="15.700" timestamp="2026-08-23T23:58:22.050788+00:00" hostname="agent-env-7a8554ac-4cde-41c0-ac09-f8d2f349fb58"><testcase classname="tests.test_security_iter2.TestCorsAppLayer" name="test_preflight_evil_origin_rejected" time="0.004" /><testcase classname="tests.backend_test.TestHealthAuth" name="test_health" time="0.258" /><testcase classname="tests.test_security_iter2.TestCorsAppLayer" name="test_actual_request_evil_origin_no_cors_header" time="0.226" /><testcase classname="tests.test_security_iter2.TestCorsAppLayer" name="test_preflight_legit_origin_allowed" time="0.002" /><testcase classname="tests.test_security_iter2.TestCorsAppLayer" name="test_ingress_does_not_allow_credentialed_wildcard" time="0.089" /><testcase classname="tests.backend_test.TestHealthAuth" name="test_login_roles[creds0-admin]" time="0.303" /><testcase classname="tests.backend_test.TestHealthAuth" name="test_login_roles[creds1-pelanggan]" time="0.418" /><testcase classname="tests.backend_test.TestCustomersInvoices" name="test_customer_lifecycle_and_invoice" time="3.840" /><testcase classname="tests.backend_test.TestHealthAuth" name="test_login_roles[creds2-agen]" time="0.491" /><testcase classname="tests.backend_test.TestHealthAuth" name="test_login_wrong_password" time="0.272" /><testcase classname="tests.backend_test.TestHealthAuth" name="test_me_requires_auth" time="0.112" /><testcase classname="tests.backend_test.TestHealthAuth" name="test_me_with_token" time="0.508" /><testcase classname="tests.backend_test.TestHealthAuth" name="test_register_and_login" time="0.883" /><testcase classname="tests.backend_test.TestHealthAuth" name="test_role_guards" time="1.006" /><testcase classname="tests.backend_test.TestCustomersInvoices" name="test_generate_requires_target" time="0.043" /><testcase classname="tests.backend_test.TestCustomersInvoices" name="test_invoice_status_filter" time="0.049" /><testcase classname="tests.backend_test.TestHealthAuth" name="test_invalid_token_rejected" time="0.110" /><testcase classname="tests.backend_test.TestHealthAuth" name="test_brute_force_lockout" time="2.007" /><testcase classname="tests.backend_test.TestSettings" name="test_settings_get_update" time="1.711" /><testcase classname="tests.backend_test.TestSettings" name="test_mikrotik_test_simulation" time="0.269" /><testcase classname="tests.backend_test.TestSettings" name="test_genieacs_not_configured" time="0.054" /><testcase classname="tests.backend_test.TestSecurity" name="test_bcrypt_hash_format" time="0.079" /><testcase classname="tests.backend_test.TestSecurity" name="test_cors_credentials_headers" time="0.071" /><testcase classname="tests.backend_test.TestSecurity" name="test_admin_endpoints_require_auth" time="1.137" /><testcase classname="tests.backend_test.TestPortalPelanggan" name="test_portal_data_and_payment" time="1.544" /><testcase classname="tests.test_security_iter2.TestBruteForceLockout" name="test_lockout_after_5_failures_and_blocks_valid_password" time="2.142" /><testcase classname="tests.backend_test.TestPortalPelanggan" name="test_pay_other_customer_invoice_forbidden" time="1.656" /><testcase classname="tests.backend_test.TestPortalPelanggan" name="test_wifi_change_and_validation" time="0.474" /><testcase classname="tests.test_security_iter2.TestBruteForceLockout" name="test_successful_login_resets_counter" time="2.875" /><testcase classname="tests.backend_test.TestVouchersAgents" name="test_generate_assign_and_agent_crud" time="3.806" /><testcase classname="tests.test_security_iter2.TestBruteForceLockout" name="test_demo_admin_still_logs_in" time="0.276" /><testcase classname="tests.backend_test.TestPublicVoucher" name="test_public_endpoints_and_purchase_flow" time="1.096" /><testcase classname="tests.backend_test.TestVouchersAgents" name="test_assign_unknown_agent" time="0.053" /><testcase classname="tests.backend_test.TestPublicVoucher" name="test_invalid_inputs" time="0.403" /><testcase classname="tests.backend_test.TestOverview" name="test_overview_shape" time="0.372" /><testcase classname="tests.backend_test.TestFinance" name="test_expense_crud_and_journal" time="0.891" /><testcase classname="tests.backend_test.TestPackages" name="test_package_crud" time="0.949" /></testsuite></testsuites>