<?xml version="1.0" encoding="utf-8"?><testsuites name="pytest tests"><testsuite name="pytest" errors="0" failures="0" skipped="0" tests="37" time="17.313" timestamp="2026-08-24T02:17:38.171915+00:00" hostname="agent-env-7a8554ac-4cde-41c0-ac09-f8d2f349fb58"><testcase classname="tests.test_security_iter2.TestCorsAppLayer" name="test_preflight_evil_origin_rejected" time="0.003" /><testcase classname="tests.backend_test.TestHealthAuth" name="test_health" time="0.247" /><testcase classname="tests.test_security_iter2.TestCorsAppLayer" name="test_actual_request_evil_origin_no_cors_header" time="0.226" /><testcase classname="tests.test_security_iter2.TestCorsAppLayer" name="test_preflight_legit_origin_allowed" time="0.002" /><testcase classname="tests.test_security_iter2.TestCorsAppLayer" name="test_ingress_does_not_allow_credentialed_wildcard" time="0.075" /><testcase classname="tests.backend_test.TestHealthAuth" name="test_login_roles[creds0-admin]" time="0.346" /><testcase classname="tests.backend_test.TestHealthAuth" name="test_login_roles[creds1-pelanggan]" time="0.446" /><testcase classname="tests.backend_test.TestCustomersInvoices" name="test_customer_lifecycle_and_invoice" time="4.037" /><testcase classname="tests.backend_test.TestHealthAuth" name="test_login_roles[creds2-agen]" time="0.513" /><testcase classname="tests.backend_test.TestHealthAuth" name="test_login_wrong_password" time="0.300" /><testcase classname="tests.backend_test.TestHealthAuth" name="test_me_requires_auth" time="0.241" /><testcase classname="tests.backend_test.TestHealthAuth" name="test_me_with_token" time="0.534" /><testcase classname="tests.backend_test.TestHealthAuth" name="test_register_and_login" time="0.958" /><testcase classname="tests.backend_test.TestHealthAuth" name="test_role_guards" time="1.082" /><testcase classname="tests.backend_test.TestCustomersInvoices" name="test_generate_requires_target" time="0.066" /><testcase classname="tests.backend_test.TestCustomersInvoices" name="test_invoice_status_filter" time="0.087" /><testcase classname="tests.backend_test.TestHealthAuth" name="test_invalid_token_rejected" time="0.120" /><testcase classname="tests.backend_test.TestHealthAuth" name="test_brute_force_lockout" time="2.061" /><testcase classname="tests.backend_test.TestSettings" name="test_settings_get_update" time="2.262" /><testcase classname="tests.backend_test.TestSettings" name="test_mikrotik_test_simulation" time="0.082" /><testcase classname="tests.backend_test.TestSettings" name="test_genieacs_not_configured" time="0.090" /><testcase classname="tests.backend_test.TestSecurity" name="test_bcrypt_hash_format" time="0.123" /><testcase classname="tests.backend_test.TestSecurity" name="test_cors_credentials_headers" time="0.074" /><testcase classname="tests.backend_test.TestSecurity" name="test_admin_endpoints_require_auth" time="0.959" /><testcase classname="tests.backend_test.TestPortalPelanggan" name="test_portal_data_and_payment" time="1.351" /><testcase classname="tests.test_security_iter2.TestBruteForceLockout" name="test_lockout_after_5_failures_and_blocks_valid_password" time="2.204" /><testcase classname="tests.backend_test.TestPortalPelanggan" name="test_pay_other_customer_invoice_forbidden" time="1.982" /><testcase classname="tests.backend_test.TestPortalPelanggan" name="test_wifi_change_and_validation" time="0.779" /><testcase classname="tests.test_security_iter2.TestBruteForceLockout" name="test_successful_login_resets_counter" time="3.106" /><testcase classname="tests.backend_test.TestVouchersAgents" name="test_generate_assign_and_agent_crud" time="3.640" /><testcase classname="tests.test_security_iter2.TestBruteForceLockout" name="test_demo_admin_still_logs_in" time="0.321" /><testcase classname="tests.backend_test.TestPublicVoucher" name="test_public_endpoints_and_purchase_flow" time="1.450" /><testcase classname="tests.backend_test.TestVouchersAgents" name="test_assign_unknown_agent" time="0.050" /><testcase classname="tests.backend_test.TestOverview" name="test_overview_shape" time="0.561" /><testcase classname="tests.backend_test.TestPublicVoucher" name="test_invalid_inputs" time="0.594" /><testcase classname="tests.backend_test.TestFinance" name="test_expense_crud_and_journal" time="0.923" /><testcase classname="tests.backend_test.TestPackages" name="test_package_crud" time="1.190" /></testsuite></testsuites>