<?xml version="1.0" encoding="utf-8"?><testsuites name="pytest tests"><testsuite name="pytest" errors="0" failures="0" skipped="0" tests="7" time="5.197" timestamp="2026-08-23T10:02:50.495453+00:00" hostname="agent-env-7a8554ac-4cde-41c0-ac09-f8d2f349fb58"><testcase classname="tests.test_security_iter2.TestCorsAppLayer" name="test_preflight_evil_origin_rejected" time="0.004" /><testcase classname="tests.test_security_iter2.TestBruteForceLockout" name="test_lockout_after_5_failures_and_blocks_valid_password" time="2.027" /><testcase classname="tests.test_security_iter2.TestCorsAppLayer" name="test_actual_request_evil_origin_no_cors_header" time="0.275" /><testcase classname="tests.test_security_iter2.TestCorsAppLayer" name="test_preflight_legit_origin_allowed" time="0.231" /><testcase classname="tests.test_security_iter2.TestCorsAppLayer" name="test_ingress_does_not_allow_credentialed_wildcard" time="0.072" /><testcase classname="tests.test_security_iter2.TestBruteForceLockout" name="test_successful_login_resets_counter" time="2.409" /><testcase classname="tests.test_security_iter2.TestBruteForceLockout" name="test_demo_admin_still_logs_in" time="0.267" /></testsuite></testsuites>