<?xml version="1.0" encoding="utf-8"?><testsuites name="pytest tests"><testsuite name="pytest" errors="0" failures="1" skipped="0" tests="30" time="11.955" timestamp="2026-08-23T09:49:32.263006+00:00" hostname="agent-env-7a8554ac-4cde-41c0-ac09-f8d2f349fb58"><testcase classname="tests.backend_test.TestHealthAuth" name="test_health" time="0.156" /><testcase classname="tests.backend_test.TestHealthAuth" name="test_login_roles[creds0-admin]" time="0.448" /><testcase classname="tests.backend_test.TestCustomersInvoices" name="test_customer_lifecycle_and_invoice" time="4.312" /><testcase classname="tests.backend_test.TestHealthAuth" name="test_login_roles[creds1-pelanggan]" time="0.306" /><testcase classname="tests.backend_test.TestHealthAuth" name="test_login_roles[creds2-agen]" time="0.418" /><testcase classname="tests.backend_test.TestHealthAuth" name="test_login_wrong_password" time="0.263" /><testcase classname="tests.backend_test.TestHealthAuth" name="test_me_requires_auth" time="0.085" /><testcase classname="tests.backend_test.TestHealthAuth" name="test_me_with_token" time="0.554" /><testcase classname="tests.backend_test.TestHealthAuth" name="test_register_and_login" time="0.776" /><testcase classname="tests.backend_test.TestHealthAuth" name="test_role_guards" time="0.876" /><testcase classname="tests.backend_test.TestHealthAuth" name="test_invalid_token_rejected" time="0.139" /><testcase classname="tests.backend_test.TestHealthAuth" name="test_brute_force_lockout" time="2.647"><failure message="AssertionError: No brute-force lockout: failed-login codes=[401, 401, 401, 401, 401, 401], valid login after 6 fails=200&#10;assert (429 in [401, 401, 401, 401, 401, 401] or 200 in (423, 429))&#10; +  where 200 = &lt;Response [200]&gt;.status_code">tests/backend_test.py:94: in test_brute_force_lockout
    assert 429 in codes or after.status_code in (423, 429), (
E   AssertionError: No brute-force lockout: failed-login codes=[401, 401, 401, 401, 401, 401], valid login after 6 fails=200
E   assert (429 in [401, 401, 401, 401, 401, 401] or 200 in (423, 429))
E    +  where 200 = &lt;Response [200]&gt;.status_code</failure></testcase><testcase classname="tests.backend_test.TestCustomersInvoices" name="test_generate_requires_target" time="0.267" /><testcase classname="tests.backend_test.TestCustomersInvoices" name="test_invoice_status_filter" time="0.049" /><testcase classname="tests.backend_test.TestPortalPelanggan" name="test_portal_data_and_payment" time="2.387" /><testcase classname="tests.backend_test.TestSettings" name="test_settings_get_update" time="0.793" /><testcase classname="tests.backend_test.TestPortalPelanggan" name="test_pay_other_customer_invoice_forbidden" time="0.935" /><testcase classname="tests.backend_test.TestSettings" name="test_mikrotik_test_simulation" time="0.081" /><testcase classname="tests.backend_test.TestSettings" name="test_genieacs_not_configured" time="0.041" /><testcase classname="tests.backend_test.TestPortalPelanggan" name="test_wifi_change_and_validation" time="0.535" /><testcase classname="tests.backend_test.TestVouchersAgents" name="test_generate_assign_and_agent_crud" time="1.831" /><testcase classname="tests.backend_test.TestSecurity" name="test_bcrypt_hash_format" time="0.066" /><testcase classname="tests.backend_test.TestSecurity" name="test_cors_credentials_headers" time="0.064" /><testcase classname="tests.backend_test.TestSecurity" name="test_admin_endpoints_require_auth" time="0.800" /><testcase classname="tests.backend_test.TestVouchersAgents" name="test_assign_unknown_agent" time="0.048" /><testcase classname="tests.backend_test.TestOverview" name="test_overview_shape" time="0.593" /><testcase classname="tests.backend_test.TestPublicVoucher" name="test_public_endpoints_and_purchase_flow" time="1.551" /><testcase classname="tests.backend_test.TestPackages" name="test_package_crud" time="0.621" /><testcase classname="tests.backend_test.TestFinance" name="test_expense_crud_and_journal" time="0.630" /><testcase classname="tests.backend_test.TestPublicVoucher" name="test_invalid_inputs" time="0.289" /></testsuite></testsuites>